{"contracts/HelloWorld.sol":{"l":{"9":6,"13":1,"17":1},"path":"/Users/nicolasmilliard/Desktop/kopo/hardhat/contracts/HelloWorld.sol","s":{"1":1},"b":{},"f":{"1":6,"2":1,"3":1},"fnMap":{"1":{"name":"constructor","line":8,"loc":{"start":{"line":8,"column":2},"end":{"line":10,"column":2}}},"2":{"name":"setMessage","line":12,"loc":{"start":{"line":12,"column":2},"end":{"line":14,"column":2}}},"3":{"name":"getMessage","line":16,"loc":{"start":{"line":16,"column":2},"end":{"line":18,"column":2}}}},"statementMap":{"1":{"start":{"line":17,"column":4},"end":{"line":17,"column":18}}},"branchMap":{}},"contracts/KopoAddressProvider_testonly.sol":{"l":{"29":3,"31":2,"32":2,"34":2,"41":3,"43":2,"44":2,"46":2,"52":4,"54":3,"55":3,"57":3},"path":"/Users/nicolasmilliard/Desktop/kopo/hardhat/contracts/KopoAddressProvider_testonly.sol","s":{"1":3,"2":2,"3":2,"4":3,"5":2,"6":2,"7":4,"8":3,"9":3},"b":{"1":[3,1],"2":[2,1],"3":[3,1],"4":[2,1],"5":[4,1],"6":[3,1]},"f":{"1":3,"2":3,"3":4},"fnMap":{"1":{"name":"setFolderFactoryContractAddress","line":28,"loc":{"start":{"line":28,"column":2},"end":{"line":35,"column":2}}},"2":{"name":"setRolesContractAddress","line":40,"loc":{"start":{"line":40,"column":2},"end":{"line":47,"column":2}}},"3":{"name":"setTestingContractAddress","line":51,"loc":{"start":{"line":51,"column":2},"end":{"line":58,"column":2}}}},"statementMap":{"1":{"start":{"line":29,"column":4},"end":{"line":29,"column":105}},"2":{"start":{"line":31,"column":4},"end":{"line":31,"column":79}},"3":{"start":{"line":34,"column":4},"end":{"line":34,"column":105}},"4":{"start":{"line":41,"column":4},"end":{"line":41,"column":105}},"5":{"start":{"line":43,"column":4},"end":{"line":43,"column":63}},"6":{"start":{"line":46,"column":4},"end":{"line":46,"column":81}},"7":{"start":{"line":52,"column":4},"end":{"line":52,"column":105}},"8":{"start":{"line":54,"column":4},"end":{"line":54,"column":67}},"9":{"start":{"line":57,"column":4},"end":{"line":57,"column":87}}},"branchMap":{"1":{"line":28,"type":"if","locations":[{"start":{"line":28,"column":78},"end":{"line":28,"column":78}},{"start":{"line":28,"column":78},"end":{"line":28,"column":78}}]},"2":{"line":29,"type":"if","locations":[{"start":{"line":29,"column":4},"end":{"line":29,"column":4}},{"start":{"line":29,"column":4},"end":{"line":29,"column":4}}]},"3":{"line":40,"type":"if","locations":[{"start":{"line":40,"column":70},"end":{"line":40,"column":70}},{"start":{"line":40,"column":70},"end":{"line":40,"column":70}}]},"4":{"line":41,"type":"if","locations":[{"start":{"line":41,"column":4},"end":{"line":41,"column":4}},{"start":{"line":41,"column":4},"end":{"line":41,"column":4}}]},"5":{"line":51,"type":"if","locations":[{"start":{"line":51,"column":72},"end":{"line":51,"column":72}},{"start":{"line":51,"column":72},"end":{"line":51,"column":72}}]},"6":{"line":52,"type":"if","locations":[{"start":{"line":52,"column":4},"end":{"line":52,"column":4}},{"start":{"line":52,"column":4},"end":{"line":52,"column":4}}]}}},"contracts/KopoAddressProvider.sol":{"l":{"28":83,"32":82,"34":81,"35":81,"37":81,"39":81,"40":81,"47":3,"49":2,"50":2,"52":2,"59":3,"61":2,"62":2,"64":2},"path":"/Users/nicolasmilliard/Desktop/kopo/hardhat/contracts/KopoAddressProvider.sol","s":{"1":83,"2":82,"3":81,"4":81,"5":81,"6":3,"7":2,"8":2,"9":3,"10":2,"11":2},"b":{"1":[83,1],"2":[82,1],"3":[81,1],"4":[3,1],"5":[2,1],"6":[3,1],"7":[2,1]},"f":{"1":83,"2":3,"3":3},"fnMap":{"1":{"name":"initialize","line":27,"loc":{"start":{"line":27,"column":2},"end":{"line":41,"column":2}}},"2":{"name":"setFolderFactoryContractAddress","line":46,"loc":{"start":{"line":46,"column":2},"end":{"line":53,"column":2}}},"3":{"name":"setRolesContractAddress","line":58,"loc":{"start":{"line":58,"column":2},"end":{"line":65,"column":2}}}},"statementMap":{"1":{"start":{"line":28,"column":4},"end":{"line":28,"column":1315}},"2":{"start":{"line":32,"column":4},"end":{"line":32,"column":115}},"3":{"start":{"line":37,"column":4},"end":{"line":37,"column":19}},"4":{"start":{"line":39,"column":4},"end":{"line":39,"column":79}},"5":{"start":{"line":40,"column":4},"end":{"line":40,"column":63}},"6":{"start":{"line":47,"column":4},"end":{"line":47,"column":105}},"7":{"start":{"line":49,"column":4},"end":{"line":49,"column":79}},"8":{"start":{"line":52,"column":4},"end":{"line":52,"column":105}},"9":{"start":{"line":59,"column":4},"end":{"line":59,"column":105}},"10":{"start":{"line":61,"column":4},"end":{"line":61,"column":63}},"11":{"start":{"line":64,"column":4},"end":{"line":64,"column":81}}},"branchMap":{"1":{"line":27,"type":"if","locations":[{"start":{"line":27,"column":101},"end":{"line":27,"column":101}},{"start":{"line":27,"column":101},"end":{"line":27,"column":101}}]},"2":{"line":28,"type":"if","locations":[{"start":{"line":28,"column":4},"end":{"line":28,"column":4}},{"start":{"line":28,"column":4},"end":{"line":28,"column":4}}]},"3":{"line":32,"type":"if","locations":[{"start":{"line":32,"column":4},"end":{"line":32,"column":4}},{"start":{"line":32,"column":4},"end":{"line":32,"column":4}}]},"4":{"line":46,"type":"if","locations":[{"start":{"line":46,"column":78},"end":{"line":46,"column":78}},{"start":{"line":46,"column":78},"end":{"line":46,"column":78}}]},"5":{"line":47,"type":"if","locations":[{"start":{"line":47,"column":4},"end":{"line":47,"column":4}},{"start":{"line":47,"column":4},"end":{"line":47,"column":4}}]},"6":{"line":58,"type":"if","locations":[{"start":{"line":58,"column":70},"end":{"line":58,"column":70}},{"start":{"line":58,"column":70},"end":{"line":58,"column":70}}]},"7":{"line":59,"type":"if","locations":[{"start":{"line":59,"column":4},"end":{"line":59,"column":4}},{"start":{"line":59,"column":4},"end":{"line":59,"column":4}}]}}},"contracts/KopoRolesManager.sol":{"l":{"36":90,"41":30,"42":27,"47":33,"51":30,"56":7,"57":6,"63":15,"65":14,"67":14,"74":6,"75":5,"77":4,"78":4,"80":4,"86":6,"88":5,"90":5,"96":6,"98":5,"100":5,"105":2,"106":1,"108":1,"113":5,"118":3,"123":3},"path":"/Users/nicolasmilliard/Desktop/kopo/hardhat/contracts/KopoRolesManager.sol","s":{"1":30,"2":33,"3":7,"4":15,"5":14,"6":6,"7":5,"8":4,"9":4,"10":6,"11":5,"12":6,"13":5,"14":2,"15":1,"16":1,"17":5,"18":3,"19":3},"b":{"1":[27,3],"2":[30,3],"3":[6,1],"4":[16,1],"5":[15,1],"6":[14,1],"7":[6,1],"8":[5,1],"9":[4,1],"10":[7,1],"11":[6,1],"12":[5,1],"13":[7,1],"14":[6,1],"15":[5,1],"16":[1,1]},"f":{"1":90,"2":30,"3":33,"4":7,"5":15,"6":6,"7":6,"8":6,"9":2,"10":5,"11":3,"12":3},"fnMap":{"1":{"name":"constructor","line":35,"loc":{"start":{"line":35,"column":2},"end":{"line":37,"column":2}}},"2":{"name":"isNotZeroAddress","line":40,"loc":{"start":{"line":40,"column":2},"end":{"line":43,"column":2}}},"3":{"name":"isActiveAdmin","line":46,"loc":{"start":{"line":46,"column":2},"end":{"line":52,"column":2}}},"4":{"name":"isNotBlacklisted","line":55,"loc":{"start":{"line":55,"column":2},"end":{"line":58,"column":2}}},"5":{"name":"setRoleAdmin","line":62,"loc":{"start":{"line":62,"column":2},"end":{"line":68,"column":2}}},"6":{"name":"updateUserRole","line":73,"loc":{"start":{"line":73,"column":2},"end":{"line":81,"column":2}}},"7":{"name":"verifyUser","line":85,"loc":{"start":{"line":85,"column":2},"end":{"line":91,"column":2}}},"8":{"name":"blacklistUser","line":95,"loc":{"start":{"line":95,"column":2},"end":{"line":101,"column":2}}},"9":{"name":"isVerified","line":104,"loc":{"start":{"line":104,"column":2},"end":{"line":109,"column":2}}},"10":{"name":"getUserRole","line":112,"loc":{"start":{"line":112,"column":2},"end":{"line":114,"column":2}}},"11":{"name":"getUserVerifiedStatus","line":117,"loc":{"start":{"line":117,"column":2},"end":{"line":119,"column":2}}},"12":{"name":"getUserBlacklistedStatus","line":122,"loc":{"start":{"line":122,"column":2},"end":{"line":124,"column":2}}}},"statementMap":{"1":{"start":{"line":41,"column":4},"end":{"line":41,"column":64}},"2":{"start":{"line":47,"column":4},"end":{"line":47,"column":1187}},"3":{"start":{"line":56,"column":4},"end":{"line":56,"column":74}},"4":{"start":{"line":63,"column":4},"end":{"line":63,"column":92}},"5":{"start":{"line":67,"column":4},"end":{"line":67,"column":29}},"6":{"start":{"line":74,"column":4},"end":{"line":74,"column":97}},"7":{"start":{"line":75,"column":4},"end":{"line":75,"column":54}},"8":{"start":{"line":77,"column":4},"end":{"line":77,"column":56}},"9":{"start":{"line":80,"column":4},"end":{"line":80,"column":79}},"10":{"start":{"line":86,"column":4},"end":{"line":86,"column":83}},"11":{"start":{"line":90,"column":4},"end":{"line":90,"column":31}},"12":{"start":{"line":96,"column":4},"end":{"line":96,"column":89}},"13":{"start":{"line":100,"column":4},"end":{"line":100,"column":34}},"14":{"start":{"line":105,"column":4},"end":{"line":105,"column":3458}},"15":{"start":{"line":106,"column":6},"end":{"line":106,"column":17}},"16":{"start":{"line":108,"column":4},"end":{"line":108,"column":16}},"17":{"start":{"line":113,"column":4},"end":{"line":113,"column":36}},"18":{"start":{"line":118,"column":4},"end":{"line":118,"column":37}},"19":{"start":{"line":123,"column":4},"end":{"line":123,"column":40}}},"branchMap":{"1":{"line":41,"type":"if","locations":[{"start":{"line":41,"column":4},"end":{"line":41,"column":4}},{"start":{"line":41,"column":4},"end":{"line":41,"column":4}}]},"2":{"line":47,"type":"if","locations":[{"start":{"line":47,"column":4},"end":{"line":47,"column":4}},{"start":{"line":47,"column":4},"end":{"line":47,"column":4}}]},"3":{"line":56,"type":"if","locations":[{"start":{"line":56,"column":4},"end":{"line":56,"column":4}},{"start":{"line":56,"column":4},"end":{"line":56,"column":4}}]},"4":{"line":62,"type":"if","locations":[{"start":{"line":62,"column":51},"end":{"line":62,"column":51}},{"start":{"line":62,"column":51},"end":{"line":62,"column":51}}]},"5":{"line":62,"type":"if","locations":[{"start":{"line":62,"column":65},"end":{"line":62,"column":65}},{"start":{"line":62,"column":65},"end":{"line":62,"column":65}}]},"6":{"line":63,"type":"if","locations":[{"start":{"line":63,"column":4},"end":{"line":63,"column":4}},{"start":{"line":63,"column":4},"end":{"line":63,"column":4}}]},"7":{"line":73,"type":"if","locations":[{"start":{"line":73,"column":50},"end":{"line":73,"column":50}},{"start":{"line":73,"column":50},"end":{"line":73,"column":50}}]},"8":{"line":74,"type":"if","locations":[{"start":{"line":74,"column":4},"end":{"line":74,"column":4}},{"start":{"line":74,"column":4},"end":{"line":74,"column":4}}]},"9":{"line":75,"type":"if","locations":[{"start":{"line":75,"column":4},"end":{"line":75,"column":4}},{"start":{"line":75,"column":4},"end":{"line":75,"column":4}}]},"10":{"line":85,"type":"if","locations":[{"start":{"line":85,"column":49},"end":{"line":85,"column":49}},{"start":{"line":85,"column":49},"end":{"line":85,"column":49}}]},"11":{"line":85,"type":"if","locations":[{"start":{"line":85,"column":63},"end":{"line":85,"column":63}},{"start":{"line":85,"column":63},"end":{"line":85,"column":63}}]},"12":{"line":86,"type":"if","locations":[{"start":{"line":86,"column":4},"end":{"line":86,"column":4}},{"start":{"line":86,"column":4},"end":{"line":86,"column":4}}]},"13":{"line":95,"type":"if","locations":[{"start":{"line":95,"column":52},"end":{"line":95,"column":52}},{"start":{"line":95,"column":52},"end":{"line":95,"column":52}}]},"14":{"line":95,"type":"if","locations":[{"start":{"line":95,"column":66},"end":{"line":95,"column":66}},{"start":{"line":95,"column":66},"end":{"line":95,"column":66}}]},"15":{"line":96,"type":"if","locations":[{"start":{"line":96,"column":4},"end":{"line":96,"column":4}},{"start":{"line":96,"column":4},"end":{"line":96,"column":4}}]},"16":{"line":105,"type":"if","locations":[{"start":{"line":105,"column":4},"end":{"line":105,"column":4}},{"start":{"line":105,"column":4},"end":{"line":105,"column":4}}]}}}}