{"contracts/HelloWorld.sol":{"l":{"9":6,"13":1,"17":1},"path":"/Users/user/Cizeon/kopo-main/hardhat/contracts/HelloWorld.sol","s":{"1":1},"b":{},"f":{"1":6,"2":1,"3":1},"fnMap":{"1":{"name":"constructor","line":8,"loc":{"start":{"line":8,"column":2},"end":{"line":10,"column":2}}},"2":{"name":"setMessage","line":12,"loc":{"start":{"line":12,"column":2},"end":{"line":14,"column":2}}},"3":{"name":"getMessage","line":16,"loc":{"start":{"line":16,"column":2},"end":{"line":18,"column":2}}}},"statementMap":{"1":{"start":{"line":17,"column":4},"end":{"line":17,"column":18}}},"branchMap":{}},"contracts/KopoFolder.sol":{"l":{},"path":"/Users/user/Cizeon/kopo-main/hardhat/contracts/KopoFolder.sol","s":{},"b":{},"f":{"1":0},"fnMap":{"1":{"name":"constructor","line":8,"loc":{"start":{"line":8,"column":2},"end":{"line":8,"column":59}}}},"statementMap":{},"branchMap":{}},"contracts/KopoFolderFactory.sol":{"l":{},"path":"/Users/user/Cizeon/kopo-main/hardhat/contracts/KopoFolderFactory.sol","s":{},"b":{},"f":{"1":0,"2":0},"fnMap":{"1":{"name":"createFolder","line":7,"loc":{"start":{"line":7,"column":2},"end":{"line":9,"column":2}}},"2":{"name":"codeAt","line":11,"loc":{"start":{"line":11,"column":2},"end":{"line":11,"column":48}}}},"statementMap":{},"branchMap":{}}}